05/15/2020 01:46:11 PM SimCADO imported
05/15/2020 01:46:11 PM UserCommands object created
05/15/2020 01:46:11 PM [UserCommands] Determining lam_bin_edges
05/15/2020 01:46:11 PM [UserCommands] lam_bin_edges found
05/15/2020 01:46:11 PM [UserCommands] Determining lam_bin_edges
05/15/2020 01:46:11 PM [UserCommands] lam_bin_edges found
05/15/2020 01:46:11 PM [UserCommands] Determining lam_bin_edges
05/15/2020 01:46:11 PM [UserCommands] lam_bin_edges found
05/15/2020 01:46:12 PM [UserCommands] Determining lam_bin_edges
05/15/2020 01:46:12 PM [UserCommands] lam_bin_edges found
05/15/2020 01:46:12 PM [UserCommands] Determining lam_bin_edges
05/15/2020 01:46:12 PM [UserCommands] lam_bin_edges found
05/15/2020 01:46:12 PM [OpticalTrain] Generating an optical train
05/15/2020 01:46:12 PM [UserCommands] Determining lam_bin_edges
05/15/2020 01:46:12 PM [UserCommands] lam_bin_edges found
05/15/2020 01:46:13 PM [UserCommands] Determining lam_bin_edges
05/15/2020 01:46:13 PM [UserCommands] lam_bin_edges found
05/15/2020 01:46:13 PM [UserCommands] Determining lam_bin_edges
05/15/2020 01:46:13 PM [UserCommands] lam_bin_edges found
05/15/2020 01:46:13 PM [UserCommands] Determining lam_bin_edges
05/15/2020 01:46:13 PM [UserCommands] lam_bin_edges found
05/15/2020 01:46:13 PM [UserCommands] Determining lam_bin_edges
05/15/2020 01:46:13 PM [UserCommands] lam_bin_edges found
05/15/2020 01:46:13 PM [UserCommands] Determining lam_bin_edges
05/15/2020 01:46:13 PM [UserCommands] lam_bin_edges found
05/15/2020 01:46:14 PM [UserCommands] Determining lam_bin_edges
05/15/2020 01:46:14 PM [UserCommands] lam_bin_edges found
05/15/2020 01:46:14 PM [UserCommands] Determining lam_bin_edges
05/15/2020 01:46:14 PM [UserCommands] lam_bin_edges found
05/15/2020 01:46:14 PM [UserCommands] Determining lam_bin_edges
05/15/2020 01:46:14 PM [UserCommands] lam_bin_edges found
05/15/2020 01:46:14 PM [UserCommands] Determining lam_bin_edges
05/15/2020 01:46:14 PM [UserCommands] lam_bin_edges found
05/15/2020 01:46:14 PM [gen_all_tc] Generating AO module mirror emission photons
05/15/2020 01:46:14 PM [_gen_all_tc] Generating telescope mirror emission photons
05/15/2020 01:46:14 PM [_gen_all_tc] Generating atmospheric emission photons
05/15/2020 01:46:15 PM [_gen_all_tc] GGenerating optical path for source photons
05/15/2020 01:46:16 PM [UserCommands] Determining lam_bin_edges
05/15/2020 01:46:16 PM [UserCommands] lam_bin_edges found
05/15/2020 01:46:16 PM [UserCommands] Determining lam_bin_edges
05/15/2020 01:46:16 PM [UserCommands] lam_bin_edges found
05/15/2020 01:46:16 PM [UserCommands] Determining lam_bin_edges
05/15/2020 01:46:16 PM [UserCommands] lam_bin_edges found
05/15/2020 01:46:17 PM [UserCommands] Determining lam_bin_edges
05/15/2020 01:46:17 PM [UserCommands] lam_bin_edges found
05/15/2020 01:46:18 PM [UserCommands] Determining lam_bin_edges
05/15/2020 01:46:18 PM [UserCommands] lam_bin_edges found
05/15/2020 01:46:18 PM [UserCommands] Determining lam_bin_edges
05/15/2020 01:46:18 PM [UserCommands] lam_bin_edges found
05/15/2020 01:46:18 PM [UserCommands] Determining lam_bin_edges
05/15/2020 01:46:18 PM [UserCommands] lam_bin_edges found
05/15/2020 01:46:19 PM [UserCommands] Determining lam_bin_edges
05/15/2020 01:46:19 PM [UserCommands] lam_bin_edges found
05/15/2020 01:46:19 PM [UserCommands] Determining lam_bin_edges
05/15/2020 01:46:19 PM [UserCommands] lam_bin_edges found
05/15/2020 01:46:19 PM [UserCommands] Determining lam_bin_edges
05/15/2020 01:46:19 PM [UserCommands] lam_bin_edges found
05/15/2020 01:46:20 PM [UserCommands] Determining lam_bin_edges
05/15/2020 01:46:20 PM [UserCommands] lam_bin_edges found
05/15/2020 01:46:20 PM [UserCommands] Determining lam_bin_edges
05/15/2020 01:46:20 PM [UserCommands] lam_bin_edges found
05/15/2020 01:46:20 PM [UserCommands] Determining lam_bin_edges
05/15/2020 01:46:20 PM [UserCommands] lam_bin_edges found
05/15/2020 01:46:21 PM UserCommands object created
05/15/2020 01:46:21 PM [UserCommands] Determining lam_bin_edges
05/15/2020 01:46:21 PM [UserCommands] lam_bin_edges found
05/15/2020 01:46:21 PM [UserCommands] Determining lam_bin_edges
05/15/2020 01:46:21 PM [UserCommands] lam_bin_edges found
05/15/2020 01:46:21 PM [UserCommands] Determining lam_bin_edges
05/15/2020 01:46:21 PM [UserCommands] lam_bin_edges found
05/15/2020 01:46:21 PM [UserCommands] Determining lam_bin_edges
05/15/2020 01:46:21 PM [UserCommands] lam_bin_edges found
05/15/2020 01:46:22 PM [UserCommands] Determining lam_bin_edges
05/15/2020 01:46:22 PM [UserCommands] lam_bin_edges found
05/15/2020 01:46:22 PM [OpticalTrain] Generating an optical train
05/15/2020 01:46:22 PM [UserCommands] Determining lam_bin_edges
05/15/2020 01:46:22 PM [UserCommands] lam_bin_edges found
05/15/2020 01:46:23 PM [UserCommands] Determining lam_bin_edges
05/15/2020 01:46:23 PM [UserCommands] lam_bin_edges found
05/15/2020 01:46:23 PM [UserCommands] Determining lam_bin_edges
05/15/2020 01:46:23 PM [UserCommands] lam_bin_edges found
05/15/2020 01:46:23 PM [UserCommands] Determining lam_bin_edges
05/15/2020 01:46:23 PM [UserCommands] lam_bin_edges found
05/15/2020 01:46:23 PM [UserCommands] Determining lam_bin_edges
05/15/2020 01:46:23 PM [UserCommands] lam_bin_edges found
05/15/2020 01:46:23 PM [UserCommands] Determining lam_bin_edges
05/15/2020 01:46:23 PM [UserCommands] lam_bin_edges found
05/15/2020 01:46:24 PM [UserCommands] Determining lam_bin_edges
05/15/2020 01:46:24 PM [UserCommands] lam_bin_edges found
05/15/2020 01:46:24 PM [UserCommands] Determining lam_bin_edges
05/15/2020 01:46:24 PM [UserCommands] lam_bin_edges found
05/15/2020 01:46:24 PM [UserCommands] Determining lam_bin_edges
05/15/2020 01:46:24 PM [UserCommands] lam_bin_edges found
05/15/2020 01:46:24 PM [UserCommands] Determining lam_bin_edges
05/15/2020 01:46:24 PM [UserCommands] lam_bin_edges found
05/15/2020 01:46:24 PM [gen_all_tc] Generating AO module mirror emission photons
05/15/2020 01:46:24 PM [_gen_all_tc] Generating telescope mirror emission photons
05/15/2020 01:46:24 PM [_gen_all_tc] Generating atmospheric emission photons
05/15/2020 01:46:25 PM [_gen_all_tc] GGenerating optical path for source photons
05/15/2020 01:46:26 PM [UserCommands] Determining lam_bin_edges
05/15/2020 01:46:26 PM [UserCommands] lam_bin_edges found
05/15/2020 01:46:26 PM [UserCommands] Determining lam_bin_edges
05/15/2020 01:46:26 PM [UserCommands] lam_bin_edges found
05/15/2020 01:46:26 PM [UserCommands] Determining lam_bin_edges
05/15/2020 01:46:26 PM [UserCommands] lam_bin_edges found
05/15/2020 01:46:27 PM [UserCommands] Determining lam_bin_edges
05/15/2020 01:46:27 PM [UserCommands] lam_bin_edges found
05/15/2020 01:46:27 PM [UserCommands] Determining lam_bin_edges
05/15/2020 01:46:27 PM [UserCommands] lam_bin_edges found
05/15/2020 01:46:28 PM [UserCommands] Determining lam_bin_edges
05/15/2020 01:46:28 PM [UserCommands] lam_bin_edges found
05/15/2020 01:46:28 PM [UserCommands] Determining lam_bin_edges
05/15/2020 01:46:28 PM [UserCommands] lam_bin_edges found
05/15/2020 01:46:28 PM [UserCommands] Determining lam_bin_edges
05/15/2020 01:46:28 PM [UserCommands] lam_bin_edges found
05/15/2020 01:46:29 PM [UserCommands] Determining lam_bin_edges
05/15/2020 01:46:29 PM [UserCommands] lam_bin_edges found
05/15/2020 01:46:29 PM [UserCommands] Determining lam_bin_edges
05/15/2020 01:46:29 PM [UserCommands] lam_bin_edges found
05/15/2020 01:46:30 PM [UserCommands] Determining lam_bin_edges
05/15/2020 01:46:30 PM [UserCommands] lam_bin_edges found
05/15/2020 01:46:30 PM [UserCommands] Determining lam_bin_edges
05/15/2020 01:46:30 PM [UserCommands] lam_bin_edges found
05/15/2020 01:46:30 PM [UserCommands] Determining lam_bin_edges
05/15/2020 01:46:30 PM [UserCommands] lam_bin_edges found
05/15/2020 01:46:31 PM UserCommands object created
05/15/2020 01:46:31 PM [UserCommands] Determining lam_bin_edges
05/15/2020 01:46:31 PM [UserCommands] lam_bin_edges found
05/15/2020 01:46:31 PM [UserCommands] Determining lam_bin_edges
05/15/2020 01:46:31 PM [UserCommands] lam_bin_edges found
05/15/2020 01:46:31 PM [UserCommands] Determining lam_bin_edges
05/15/2020 01:46:31 PM [UserCommands] lam_bin_edges found
05/15/2020 01:46:31 PM [UserCommands] Determining lam_bin_edges
05/15/2020 01:46:31 PM [UserCommands] lam_bin_edges found
05/15/2020 01:46:32 PM [UserCommands] Determining lam_bin_edges
05/15/2020 01:46:32 PM [UserCommands] lam_bin_edges found
05/15/2020 01:46:32 PM [OpticalTrain] Generating an optical train
05/15/2020 01:46:33 PM [UserCommands] Determining lam_bin_edges
05/15/2020 01:46:33 PM [UserCommands] lam_bin_edges found
05/15/2020 01:46:33 PM [UserCommands] Determining lam_bin_edges
05/15/2020 01:46:33 PM [UserCommands] lam_bin_edges found
05/15/2020 01:46:33 PM [UserCommands] Determining lam_bin_edges
05/15/2020 01:46:33 PM [UserCommands] lam_bin_edges found
05/15/2020 01:46:33 PM [UserCommands] Determining lam_bin_edges
05/15/2020 01:46:33 PM [UserCommands] lam_bin_edges found
05/15/2020 01:46:34 PM [UserCommands] Determining lam_bin_edges
05/15/2020 01:46:34 PM [UserCommands] lam_bin_edges found
05/15/2020 01:46:34 PM [UserCommands] Determining lam_bin_edges
05/15/2020 01:46:34 PM [UserCommands] lam_bin_edges found
05/15/2020 01:46:34 PM [UserCommands] Determining lam_bin_edges
05/15/2020 01:46:34 PM [UserCommands] lam_bin_edges found
05/15/2020 01:46:34 PM [UserCommands] Determining lam_bin_edges
05/15/2020 01:46:34 PM [UserCommands] lam_bin_edges found
05/15/2020 01:46:34 PM [UserCommands] Determining lam_bin_edges
05/15/2020 01:46:34 PM [UserCommands] lam_bin_edges found
05/15/2020 01:46:34 PM [UserCommands] Determining lam_bin_edges
05/15/2020 01:46:34 PM [UserCommands] lam_bin_edges found
05/15/2020 01:46:34 PM [gen_all_tc] Generating AO module mirror emission photons
05/15/2020 01:46:34 PM [_gen_all_tc] Generating telescope mirror emission photons
05/15/2020 01:46:35 PM [_gen_all_tc] Generating atmospheric emission photons
05/15/2020 01:46:35 PM [_gen_all_tc] GGenerating optical path for source photons
05/15/2020 01:46:36 PM [UserCommands] Determining lam_bin_edges
05/15/2020 01:46:36 PM [UserCommands] lam_bin_edges found
05/15/2020 01:46:36 PM [UserCommands] Determining lam_bin_edges
05/15/2020 01:46:36 PM [UserCommands] lam_bin_edges found
05/15/2020 01:46:36 PM [UserCommands] Determining lam_bin_edges
05/15/2020 01:46:36 PM [UserCommands] lam_bin_edges found
05/15/2020 01:46:37 PM [UserCommands] Determining lam_bin_edges
05/15/2020 01:46:37 PM [UserCommands] lam_bin_edges found
05/15/2020 01:46:38 PM [UserCommands] Determining lam_bin_edges
05/15/2020 01:46:38 PM [UserCommands] lam_bin_edges found
05/15/2020 01:46:38 PM [UserCommands] Determining lam_bin_edges
05/15/2020 01:46:38 PM [UserCommands] lam_bin_edges found
05/15/2020 01:46:38 PM [UserCommands] Determining lam_bin_edges
05/15/2020 01:46:38 PM [UserCommands] lam_bin_edges found
05/15/2020 01:46:39 PM [UserCommands] Determining lam_bin_edges
05/15/2020 01:46:39 PM [UserCommands] lam_bin_edges found
05/15/2020 01:46:39 PM [UserCommands] Determining lam_bin_edges
05/15/2020 01:46:39 PM [UserCommands] lam_bin_edges found
05/15/2020 01:46:39 PM [UserCommands] Determining lam_bin_edges
05/15/2020 01:46:39 PM [UserCommands] lam_bin_edges found
05/15/2020 01:46:40 PM [UserCommands] Determining lam_bin_edges
05/15/2020 01:46:40 PM [UserCommands] lam_bin_edges found
05/15/2020 01:46:40 PM [UserCommands] Determining lam_bin_edges
05/15/2020 01:46:40 PM [UserCommands] lam_bin_edges found
05/15/2020 01:46:41 PM [UserCommands] Determining lam_bin_edges
05/15/2020 01:46:41 PM [UserCommands] lam_bin_edges found
05/15/2020 01:46:41 PM UserCommands object created
05/15/2020 01:46:41 PM [UserCommands] Determining lam_bin_edges
05/15/2020 01:46:41 PM [UserCommands] lam_bin_edges found
05/15/2020 01:46:41 PM [UserCommands] Determining lam_bin_edges
05/15/2020 01:46:41 PM [UserCommands] lam_bin_edges found
05/15/2020 01:46:41 PM [UserCommands] Determining lam_bin_edges
05/15/2020 01:46:41 PM [UserCommands] lam_bin_edges found
05/15/2020 01:46:42 PM [UserCommands] Determining lam_bin_edges
05/15/2020 01:46:42 PM [UserCommands] lam_bin_edges found
05/15/2020 01:46:42 PM [UserCommands] Determining lam_bin_edges
05/15/2020 01:46:42 PM [UserCommands] lam_bin_edges found
05/15/2020 01:46:42 PM [OpticalTrain] Generating an optical train
05/15/2020 01:46:42 PM [UserCommands] Determining lam_bin_edges
05/15/2020 01:46:42 PM [UserCommands] lam_bin_edges found
05/15/2020 01:46:43 PM [UserCommands] Determining lam_bin_edges
05/15/2020 01:46:43 PM [UserCommands] lam_bin_edges found
05/15/2020 01:46:43 PM [UserCommands] Determining lam_bin_edges
05/15/2020 01:46:43 PM [UserCommands] lam_bin_edges found
05/15/2020 01:46:43 PM [UserCommands] Determining lam_bin_edges
05/15/2020 01:46:43 PM [UserCommands] lam_bin_edges found
05/15/2020 01:46:43 PM [UserCommands] Determining lam_bin_edges
05/15/2020 01:46:43 PM [UserCommands] lam_bin_edges found
05/15/2020 01:46:43 PM [UserCommands] Determining lam_bin_edges
05/15/2020 01:46:43 PM [UserCommands] lam_bin_edges found
05/15/2020 01:46:44 PM [UserCommands] Determining lam_bin_edges
05/15/2020 01:46:44 PM [UserCommands] lam_bin_edges found
05/15/2020 01:46:44 PM [UserCommands] Determining lam_bin_edges
05/15/2020 01:46:44 PM [UserCommands] lam_bin_edges found
05/15/2020 01:46:44 PM [UserCommands] Determining lam_bin_edges
05/15/2020 01:46:44 PM [UserCommands] lam_bin_edges found
05/15/2020 01:46:44 PM [UserCommands] Determining lam_bin_edges
05/15/2020 01:46:44 PM [UserCommands] lam_bin_edges found
05/15/2020 01:46:44 PM [gen_all_tc] Generating AO module mirror emission photons
05/15/2020 01:46:44 PM [_gen_all_tc] Generating telescope mirror emission photons
05/15/2020 01:46:44 PM [_gen_all_tc] Generating atmospheric emission photons
05/15/2020 01:46:45 PM [_gen_all_tc] GGenerating optical path for source photons
05/15/2020 01:46:45 PM [UserCommands] Determining lam_bin_edges
05/15/2020 01:46:45 PM [UserCommands] lam_bin_edges found
05/15/2020 01:46:46 PM [UserCommands] Determining lam_bin_edges
05/15/2020 01:46:46 PM [UserCommands] lam_bin_edges found
05/15/2020 01:46:46 PM [UserCommands] Determining lam_bin_edges
05/15/2020 01:46:46 PM [UserCommands] lam_bin_edges found
05/15/2020 01:46:47 PM [UserCommands] Determining lam_bin_edges
05/15/2020 01:46:47 PM [UserCommands] lam_bin_edges found
05/15/2020 01:46:47 PM [UserCommands] Determining lam_bin_edges
05/15/2020 01:46:47 PM [UserCommands] lam_bin_edges found
05/15/2020 01:46:48 PM [UserCommands] Determining lam_bin_edges
05/15/2020 01:46:48 PM [UserCommands] lam_bin_edges found
05/15/2020 01:46:48 PM [UserCommands] Determining lam_bin_edges
05/15/2020 01:46:48 PM [UserCommands] lam_bin_edges found
05/15/2020 01:46:49 PM [UserCommands] Determining lam_bin_edges
05/15/2020 01:46:49 PM [UserCommands] lam_bin_edges found
05/15/2020 01:46:49 PM [UserCommands] Determining lam_bin_edges
05/15/2020 01:46:49 PM [UserCommands] lam_bin_edges found
05/15/2020 01:46:49 PM [UserCommands] Determining lam_bin_edges
05/15/2020 01:46:49 PM [UserCommands] lam_bin_edges found
05/15/2020 01:46:50 PM [UserCommands] Determining lam_bin_edges
05/15/2020 01:46:50 PM [UserCommands] lam_bin_edges found
05/15/2020 01:46:50 PM [UserCommands] Determining lam_bin_edges
05/15/2020 01:46:50 PM [UserCommands] lam_bin_edges found
05/15/2020 01:46:50 PM [UserCommands] Determining lam_bin_edges
05/15/2020 01:46:50 PM [UserCommands] lam_bin_edges found
05/15/2020 01:46:51 PM locator: <matplotlib.ticker.FixedLocator object at 0x000001EC18CB4048>
05/15/2020 01:46:51 PM Using fixed locator on colorbar
05/15/2020 01:46:51 PM Setting pcolormesh
05/15/2020 01:46:51 PM update_title_pos
05/15/2020 01:46:51 PM findfont: Matching :family=sans-serif:style=normal:variant=normal:weight=normal:stretch=normal:size=10.0 to DejaVu Sans ('C:\\Program Files\\Python36\\lib\\site-packages\\matplotlib\\mpl-data\\fonts\\ttf\\DejaVuSans.ttf') with score of 0.050000.
05/15/2020 01:46:51 PM findfont: Matching :family=sans-serif:style=normal:variant=normal:weight=normal:stretch=normal:size=14.0 to DejaVu Sans ('C:\\Program Files\\Python36\\lib\\site-packages\\matplotlib\\mpl-data\\fonts\\ttf\\DejaVuSans.ttf') with score of 0.050000.
05/15/2020 01:46:51 PM findfont: Matching :family=STIXGeneral:style=normal:variant=normal:weight=normal:stretch=normal:size=10.0 to STIXGeneral ('C:\\Program Files\\Python36\\lib\\site-packages\\matplotlib\\mpl-data\\fonts\\ttf\\STIXGeneral.ttf') with score of 0.050000.
05/15/2020 01:46:51 PM findfont: Matching :family=STIXGeneral:style=italic:variant=normal:weight=normal:stretch=normal:size=10.0 to STIXGeneral ('C:\\Program Files\\Python36\\lib\\site-packages\\matplotlib\\mpl-data\\fonts\\ttf\\STIXGeneralItalic.ttf') with score of 0.050000.
05/15/2020 01:46:51 PM findfont: Matching :family=STIXGeneral:style=normal:variant=normal:weight=bold:stretch=normal:size=10.0 to STIXGeneral ('C:\\Program Files\\Python36\\lib\\site-packages\\matplotlib\\mpl-data\\fonts\\ttf\\STIXGeneralBol.ttf') with score of 0.000000.
05/15/2020 01:46:51 PM findfont: Matching :family=STIXNonUnicode:style=normal:variant=normal:weight=normal:stretch=normal:size=10.0 to STIXNonUnicode ('C:\\Program Files\\Python36\\lib\\site-packages\\matplotlib\\mpl-data\\fonts\\ttf\\STIXNonUni.ttf') with score of 0.050000.
05/15/2020 01:46:51 PM findfont: Matching :family=STIXNonUnicode:style=italic:variant=normal:weight=normal:stretch=normal:size=10.0 to STIXNonUnicode ('C:\\Program Files\\Python36\\lib\\site-packages\\matplotlib\\mpl-data\\fonts\\ttf\\STIXNonUniIta.ttf') with score of 0.050000.
05/15/2020 01:46:51 PM findfont: Matching :family=STIXNonUnicode:style=normal:variant=normal:weight=bold:stretch=normal:size=10.0 to STIXNonUnicode ('C:\\Program Files\\Python36\\lib\\site-packages\\matplotlib\\mpl-data\\fonts\\ttf\\STIXNonUniBol.ttf') with score of 0.000000.
05/15/2020 01:46:51 PM findfont: Matching :family=STIXSizeOneSym:style=normal:variant=normal:weight=normal:stretch=normal:size=10.0 to STIXSizeOneSym ('C:\\Program Files\\Python36\\lib\\site-packages\\matplotlib\\mpl-data\\fonts\\ttf\\STIXSizOneSymReg.ttf') with score of 0.050000.
05/15/2020 01:46:51 PM findfont: Matching :family=STIXSizeTwoSym:style=normal:variant=normal:weight=normal:stretch=normal:size=10.0 to STIXSizeTwoSym ('C:\\Program Files\\Python36\\lib\\site-packages\\matplotlib\\mpl-data\\fonts\\ttf\\STIXSizTwoSymReg.ttf') with score of 0.050000.
05/15/2020 01:46:51 PM findfont: Matching :family=STIXSizeThreeSym:style=normal:variant=normal:weight=normal:stretch=normal:size=10.0 to STIXSizeThreeSym ('C:\\Program Files\\Python36\\lib\\site-packages\\matplotlib\\mpl-data\\fonts\\ttf\\STIXSizThreeSymReg.ttf') with score of 0.050000.
05/15/2020 01:46:51 PM findfont: Matching :family=STIXSizeFourSym:style=normal:variant=normal:weight=normal:stretch=normal:size=10.0 to STIXSizeFourSym ('C:\\Program Files\\Python36\\lib\\site-packages\\matplotlib\\mpl-data\\fonts\\ttf\\STIXSizFourSymReg.ttf') with score of 0.050000.
05/15/2020 01:46:51 PM findfont: Matching :family=STIXSizeFiveSym:style=normal:variant=normal:weight=normal:stretch=normal:size=10.0 to STIXSizeFiveSym ('C:\\Program Files\\Python36\\lib\\site-packages\\matplotlib\\mpl-data\\fonts\\ttf\\STIXSizFiveSymReg.ttf') with score of 0.050000.
05/15/2020 01:46:51 PM findfont: Matching :family=cmsy10:style=normal:variant=normal:weight=normal:stretch=normal:size=10.0 to cmsy10 ('C:\\Program Files\\Python36\\lib\\site-packages\\matplotlib\\mpl-data\\fonts\\ttf\\cmsy10.ttf') with score of 0.050000.
05/15/2020 01:46:51 PM findfont: Matching :family=cmr10:style=normal:variant=normal:weight=normal:stretch=normal:size=10.0 to cmr10 ('C:\\Program Files\\Python36\\lib\\site-packages\\matplotlib\\mpl-data\\fonts\\ttf\\cmr10.ttf') with score of 0.050000.
05/15/2020 01:46:51 PM findfont: Matching :family=cmtt10:style=normal:variant=normal:weight=normal:stretch=normal:size=10.0 to cmtt10 ('C:\\Program Files\\Python36\\lib\\site-packages\\matplotlib\\mpl-data\\fonts\\ttf\\cmtt10.ttf') with score of 0.050000.
05/15/2020 01:46:51 PM findfont: Matching :family=cmmi10:style=normal:variant=normal:weight=normal:stretch=normal:size=10.0 to cmmi10 ('C:\\Program Files\\Python36\\lib\\site-packages\\matplotlib\\mpl-data\\fonts\\ttf\\cmmi10.ttf') with score of 0.050000.
05/15/2020 01:46:51 PM findfont: Matching :family=cmb10:style=normal:variant=normal:weight=normal:stretch=normal:size=10.0 to cmb10 ('C:\\Program Files\\Python36\\lib\\site-packages\\matplotlib\\mpl-data\\fonts\\ttf\\cmb10.ttf') with score of 0.050000.
05/15/2020 01:46:51 PM findfont: Matching :family=cmss10:style=normal:variant=normal:weight=normal:stretch=normal:size=10.0 to cmss10 ('C:\\Program Files\\Python36\\lib\\site-packages\\matplotlib\\mpl-data\\fonts\\ttf\\cmss10.ttf') with score of 0.050000.
05/15/2020 01:46:51 PM findfont: Matching :family=cmex10:style=normal:variant=normal:weight=normal:stretch=normal:size=10.0 to cmex10 ('C:\\Program Files\\Python36\\lib\\site-packages\\matplotlib\\mpl-data\\fonts\\ttf\\cmex10.ttf') with score of 0.050000.
05/15/2020 01:46:51 PM findfont: Matching :family=DejaVu Sans:style=normal:variant=normal:weight=normal:stretch=normal:size=10.0 to DejaVu Sans ('C:\\Program Files\\Python36\\lib\\site-packages\\matplotlib\\mpl-data\\fonts\\ttf\\DejaVuSans.ttf') with score of 0.050000.
05/15/2020 01:46:51 PM findfont: Matching :family=DejaVu Sans:style=italic:variant=normal:weight=normal:stretch=normal:size=10.0 to DejaVu Sans ('C:\\Program Files\\Python36\\lib\\site-packages\\matplotlib\\mpl-data\\fonts\\ttf\\DejaVuSans-Oblique.ttf') with score of 0.150000.
05/15/2020 01:46:51 PM findfont: Matching :family=DejaVu Sans:style=normal:variant=normal:weight=bold:stretch=normal:size=10.0 to DejaVu Sans ('C:\\Program Files\\Python36\\lib\\site-packages\\matplotlib\\mpl-data\\fonts\\ttf\\DejaVuSans-Bold.ttf') with score of 0.000000.
05/15/2020 01:46:51 PM findfont: Matching :family=DejaVu Sans Mono:style=normal:variant=normal:weight=normal:stretch=normal:size=10.0 to DejaVu Sans Mono ('C:\\Program Files\\Python36\\lib\\site-packages\\matplotlib\\mpl-data\\fonts\\ttf\\DejaVuSansMono.ttf') with score of 0.050000.
05/15/2020 01:46:51 PM findfont: Matching :family=DejaVu Sans Display:style=normal:variant=normal:weight=normal:stretch=normal:size=10.0 to DejaVu Sans Display ('C:\\Program Files\\Python36\\lib\\site-packages\\matplotlib\\mpl-data\\fonts\\ttf\\DejaVuSansDisplay.ttf') with score of 0.050000.
05/15/2020 01:46:51 PM update_title_pos
05/15/2020 01:46:51 PM update_title_pos
05/15/2020 01:46:51 PM update_title_pos
05/15/2020 01:46:51 PM update_title_pos
05/15/2020 01:46:51 PM update_title_pos
05/15/2020 01:46:51 PM Assigning font /b'F1' = 'C:\\Program Files\\Python36\\lib\\site-packages\\matplotlib\\mpl-data\\fonts\\ttf\\DejaVuSans.ttf'
05/15/2020 01:46:51 PM Assigning font /b'F2' = 'C:\\Program Files\\Python36\\lib\\site-packages\\matplotlib\\mpl-data\\fonts\\ttf\\DejaVuSans-Oblique.ttf'
05/15/2020 01:46:51 PM update_title_pos
05/15/2020 01:46:51 PM update_title_pos
05/15/2020 01:46:51 PM update_title_pos
05/15/2020 01:46:51 PM update_title_pos
05/15/2020 01:46:51 PM Embedding font C:\Program Files\Python36\lib\site-packages\matplotlib\mpl-data\fonts\ttf\DejaVuSans-Oblique.ttf.
05/15/2020 01:46:51 PM Writing TrueType font.
05/15/2020 01:46:51 PM Embedding font C:\Program Files\Python36\lib\site-packages\matplotlib\mpl-data\fonts\ttf\DejaVuSans.ttf.
05/15/2020 01:46:51 PM Writing TrueType font.
